# JRE version: Java(TM) SE Runtime Environment (8.0_77-b03) (build 1.8.0_77-b03)
# Java VM: Java HotSpot(TM) 64-Bit Server VM (25.77-b03 mixed mode linux-amd64 compressed oops)
Heap:
 PSYoungGen      total 276480K, used 15309K [0x00000000d6f00000, 0x00000000e8e80000, 0x0000000100000000)
  eden space 269312K, 3% used [0x00000000d6f00000,0x00000000d772a680,0x00000000e7600000)
  from space 7168K, 96% used [0x00000000e8780000,0x00000000e8e48fc8,0x00000000e8e80000)
  to   space 9728K, 0% used [0x00000000e7b80000,0x00000000e7b80000,0x00000000e8500000)
 ParOldGen       total 131584K, used 41636K [0x0000000084c00000, 0x000000008cc80000, 0x00000000d6f00000)
  object space 131584K, 31% used [0x0000000084c00000,0x00000000874a9178,0x000000008cc80000)
 Metaspace       used 26355K, capacity 26643K, committed 26752K, reserved 1073152K
  class space    used 3058K, capacity 3135K, committed 3200K, reserved 1048576K
GC Heap History (10 events):
Event: 3.054 GC heap before
{Heap before GC invocations=9 (full 2):
 PSYoungGen      total 121344K, used 3166K [0x00000000d6f00000, 0x00000000e4b80000, 0x0000000100000000)
  eden space 112128K, 0% used [0x00000000d6f00000,0x00000000d6f00000,0x00000000ddc80000)
  from space 9216K, 34% used [0x00000000ddc80000,0x00000000ddf97b88,0x00000000de580000)
  to   space 9216K, 0% used [0x00000000e4280000,0x00000000e4280000,0x00000000e4b80000)
 ParOldGen       total 44544K, used 31049K [0x0000000084c00000, 0x0000000087780000, 0x00000000d6f00000)
  object space 44544K, 69% used [0x0000000084c00000,0x0000000086a525f0,0x0000000087780000)
 Metaspace       used 24078K, capacity 24359K, committed 24576K, reserved 1071104K
  class space    used 2960K, capacity 3069K, committed 3072K, reserved 1048576K
Event: 3.086 GC heap after
Heap after GC invocations=9 (full 2):
 PSYoungGen      total 121344K, used 0K [0x00000000d6f00000, 0x00000000e4b80000, 0x0000000100000000)
  eden space 112128K, 0% used [0x00000000d6f00000,0x00000000d6f00000,0x00000000ddc80000)
  from space 9216K, 0% used [0x00000000ddc80000,0x00000000ddc80000,0x00000000de580000)
  to   space 9216K, 0% used [0x00000000e4280000,0x00000000e4280000,0x00000000e4b80000)
 ParOldGen       total 80896K, used 25585K [0x0000000084c00000, 0x0000000089b00000, 0x00000000d6f00000)
  object space 80896K, 31% used [0x0000000084c00000,0x00000000864fc700,0x0000000089b00000)
 Metaspace       used 24078K, capacity 24359K, committed 24576K, reserved 1071104K
  class space    used 2960K, capacity 3069K, committed 3072K, reserved 1048576K
}
Event: 3.228 GC heap before
{Heap before GC invocations=10 (full 2):
 PSYoungGen      total 121344K, used 104184K [0x00000000d6f00000, 0x00000000e4b80000, 0x0000000100000000)
  eden space 112128K, 92% used [0x00000000d6f00000,0x00000000dd4be100,0x00000000ddc80000)
  from space 9216K, 0% used [0x00000000ddc80000,0x00000000ddc80000,0x00000000de580000)
  to   space 9216K, 0% used [0x00000000e4280000,0x00000000e4280000,0x00000000e4b80000)
 ParOldGen       total 80896K, used 25585K [0x0000000084c00000, 0x0000000089b00000, 0x00000000d6f00000)
  object space 80896K, 31% used [0x0000000084c00000,0x00000000864fc700,0x0000000089b00000)
 Metaspace       used 24078K, capacity 24359K, committed 24576K, reserved 1071104K
  class space    used 2960K, capacity 3069K, committed 3072K, reserved 1048576K
Event: 3.296 GC heap after
Heap after GC invocations=10 (full 2):
 PSYoungGen      total 216576K, used 64K [0x00000000d6f00000, 0x00000000e4d80000, 0x0000000100000000)
  eden space 207360K, 0% used [0x00000000d6f00000,0x00000000d6f00000,0x00000000e3980000)
  from space 9216K, 0% used [0x00000000e4280000,0x00000000e4290000,0x00000000e4b80000)
  to   space 9216K, 0% used [0x00000000e3980000,0x00000000e3980000,0x00000000e4280000)
 ParOldGen       total 114176K, used 91121K [0x0000000084c00000, 0x000000008bb80000, 0x00000000d6f00000)
  object space 114176K, 79% used [0x0000000084c00000,0x000000008a4fc720,0x000000008bb80000)
 Metaspace       used 24078K, capacity 24359K, committed 24576K, reserved 1071104K
  class space    used 2960K, capacity 3069K, committed 3072K, reserved 1048576K
}
Event: 3.296 GC heap before
{Heap before GC invocations=11 (full 3):
 PSYoungGen      total 216576K, used 64K [0x00000000d6f00000, 0x00000000e4d80000, 0x0000000100000000)
  eden space 207360K, 0% used [0x00000000d6f00000,0x00000000d6f00000,0x00000000e3980000)
  from space 9216K, 0% used [0x00000000e4280000,0x00000000e4290000,0x00000000e4b80000)
  to   space 9216K, 0% used [0x00000000e3980000,0x00000000e3980000,0x00000000e4280000)
 ParOldGen       total 114176K, used 91121K [0x0000000084c00000, 0x000000008bb80000, 0x00000000d6f00000)
  object space 114176K, 79% used [0x0000000084c00000,0x000000008a4fc720,0x000000008bb80000)
 Metaspace       used 24078K, capacity 24359K, committed 24576K, reserved 1071104K
  class space    used 2960K, capacity 3069K, committed 3072K, reserved 1048576K
Event: 3.347 GC heap after
Heap after GC invocations=11 (full 3):
 PSYoungGen      total 216576K, used 0K [0x00000000d6f00000, 0x00000000e4d80000, 0x0000000100000000)
  eden space 207360K, 0% used [0x00000000d6f00000,0x00000000d6f00000,0x00000000e3980000)
  from space 9216K, 0% used [0x00000000e4280000,0x00000000e4280000,0x00000000e4b80000)
  to   space 9216K, 0% used [0x00000000e3980000,0x00000000e3980000,0x00000000e4280000)
 ParOldGen       total 131584K, used 41620K [0x0000000084c00000, 0x000000008cc80000, 0x00000000d6f00000)
  object space 131584K, 31% used [0x0000000084c00000,0x00000000874a5178,0x000000008cc80000)
 Metaspace       used 24078K, capacity 24359K, committed 24576K, reserved 1071104K
  class space    used 2960K, capacity 3069K, committed 3072K, reserved 1048576K
}
Event: 336.175 GC heap before
{Heap before GC invocations=12 (full 3):
 PSYoungGen      total 216576K, used 207360K [0x00000000d6f00000, 0x00000000e4d80000, 0x0000000100000000)
  eden space 207360K, 100% used [0x00000000d6f00000,0x00000000e3980000,0x00000000e3980000)
  from space 9216K, 0% used [0x00000000e4280000,0x00000000e4280000,0x00000000e4b80000)
  to   space 9216K, 0% used [0x00000000e3980000,0x00000000e3980000,0x00000000e4280000)
 ParOldGen       total 131584K, used 41620K [0x0000000084c00000, 0x000000008cc80000, 0x00000000d6f00000)
  object space 131584K, 31% used [0x0000000084c00000,0x00000000874a5178,0x000000008cc80000)
 Metaspace       used 26107K, capacity 26403K, committed 26752K, reserved 1073152K
  class space    used 3051K, capacity 3127K, committed 3200K, reserved 1048576K
Event: 336.185 GC heap after
Heap after GC invocations=12 (full 3):
 PSYoungGen      total 216576K, used 3417K [0x00000000d6f00000, 0x00000000e9080000, 0x0000000100000000)
  eden space 207360K, 0% used [0x00000000d6f00000,0x00000000d6f00000,0x00000000e3980000)
  from space 9216K, 37% used [0x00000000e3980000,0x00000000e3cd6598,0x00000000e4280000)
  to   space 9216K, 0% used [0x00000000e8780000,0x00000000e8780000,0x00000000e9080000)
 ParOldGen       total 131584K, used 41628K [0x0000000084c00000, 0x000000008cc80000, 0x00000000d6f00000)
  object space 131584K, 31% used [0x0000000084c00000,0x00000000874a7178,0x000000008cc80000)
 Metaspace       used 26107K, capacity 26403K, committed 26752K, reserved 1073152K
  class space    used 3051K, capacity 3127K, committed 3200K, reserved 1048576K
}
Event: 707.503 GC heap before
{Heap before GC invocations=13 (full 3):
 PSYoungGen      total 216576K, used 210777K [0x00000000d6f00000, 0x00000000e9080000, 0x0000000100000000)
  eden space 207360K, 100% used [0x00000000d6f00000,0x00000000e3980000,0x00000000e3980000)
  from space 9216K, 37% used [0x00000000e3980000,0x00000000e3cd6598,0x00000000e4280000)
  to   space 9216K, 0% used [0x00000000e8780000,0x00000000e8780000,0x00000000e9080000)
 ParOldGen       total 131584K, used 41628K [0x0000000084c00000, 0x000000008cc80000, 0x00000000d6f00000)
  object space 131584K, 31% used [0x0000000084c00000,0x00000000874a7178,0x000000008cc80000)
 Metaspace       used 26351K, capacity 26643K, committed 26752K, reserved 1073152K
  class space    used 3058K, capacity 3135K, committed 3200K, reserved 1048576K
Event: 707.517 GC heap after
Heap after GC invocations=13 (full 3):
 PSYoungGen      total 276480K, used 6947K [0x00000000d6f00000, 0x00000000e8e80000, 0x0000000100000000)
  eden space 269312K, 0% used [0x00000000d6f00000,0x00000000d6f00000,0x00000000e7600000)
  from space 7168K, 96% used [0x00000000e8780000,0x00000000e8e48fc8,0x00000000e8e80000)
  to   space 9728K, 0% used [0x00000000e7b80000,0x00000000e7b80000,0x00000000e8500000)
 ParOldGen       total 131584K, used 41636K [0x0000000084c00000, 0x000000008cc80000, 0x00000000d6f00000)
  object space 131584K, 31% used [0x0000000084c00000,0x00000000874a9178,0x000000008cc80000)
 Metaspace       used 26351K, capacity 26643K, committed 26752K, reserved 1073152K
  class space    used 3058K, capacity 3135K, committed 3200K, reserved 1048576K
}

