# JRE version: Java(TM) SE Runtime Environment (8.0_77-b03) (build 1.8.0_77-b03)
# Java VM: Java HotSpot(TM) 64-Bit Server VM (25.77-b03 mixed mode linux-amd64 compressed oops)
Heap:
 PSYoungGen      total 221696K, used 11634K [0x00000000d6f00000, 0x00000000e8680000, 0x0000000100000000)
  eden space 210944K, 3% used [0x00000000d6f00000,0x00000000d770d058,0x00000000e3d00000)
  from space 10752K, 31% used [0x00000000e3d00000,0x00000000e404f8c8,0x00000000e4780000)
  to   space 10240K, 0% used [0x00000000e7c80000,0x00000000e7c80000,0x00000000e8680000)
 ParOldGen       total 134656K, used 41640K [0x0000000084c00000, 0x000000008cf80000, 0x00000000d6f00000)
  object space 134656K, 30% used [0x0000000084c00000,0x00000000874aa138,0x000000008cf80000)
 Metaspace       used 26247K, capacity 26575K, committed 26752K, reserved 1073152K
  class space    used 3080K, capacity 3159K, committed 3200K, reserved 1048576K
GC Heap History (10 events):
Event: 3.640 GC heap before
{Heap before GC invocations=8 (full 1):
 PSYoungGen      total 123392K, used 117246K [0x00000000d6f00000, 0x00000000df280000, 0x0000000100000000)
  eden space 114176K, 100% used [0x00000000d6f00000,0x00000000dde80000,0x00000000dde80000)
  from space 9216K, 33% used [0x00000000de980000,0x00000000dec7fb40,0x00000000df280000)
  to   space 10240K, 0% used [0x00000000dde80000,0x00000000dde80000,0x00000000de880000)
 ParOldGen       total 43520K, used 14631K [0x0000000084c00000, 0x0000000087680000, 0x00000000d6f00000)
  object space 43520K, 33% used [0x0000000084c00000,0x0000000085a49c48,0x0000000087680000)
 Metaspace       used 24140K, capacity 24339K, committed 24576K, reserved 1071104K
  class space    used 2976K, capacity 3037K, committed 3072K, reserved 1048576K
Event: 3.655 GC heap after
Heap after GC invocations=8 (full 1):
 PSYoungGen      total 124416K, used 3070K [0x00000000d6f00000, 0x00000000e5480000, 0x0000000100000000)
  eden space 114176K, 0% used [0x00000000d6f00000,0x00000000d6f00000,0x00000000dde80000)
  from space 10240K, 29% used [0x00000000dde80000,0x00000000de17fb88,0x00000000de880000)
  to   space 10240K, 0% used [0x00000000e4a80000,0x00000000e4a80000,0x00000000e5480000)
 ParOldGen       total 43520K, used 31015K [0x0000000084c00000, 0x0000000087680000, 0x00000000d6f00000)
  object space 43520K, 71% used [0x0000000084c00000,0x0000000086a49c58,0x0000000087680000)
 Metaspace       used 24140K, capacity 24339K, committed 24576K, reserved 1071104K
  class space    used 2976K, capacity 3037K, committed 3072K, reserved 1048576K
}
Event: 3.655 GC heap before
{Heap before GC invocations=9 (full 2):
 PSYoungGen      total 124416K, used 3070K [0x00000000d6f00000, 0x00000000e5480000, 0x0000000100000000)
  eden space 114176K, 0% used [0x00000000d6f00000,0x00000000d6f00000,0x00000000dde80000)
  from space 10240K, 29% used [0x00000000dde80000,0x00000000de17fb88,0x00000000de880000)
  to   space 10240K, 0% used [0x00000000e4a80000,0x00000000e4a80000,0x00000000e5480000)
 ParOldGen       total 43520K, used 31015K [0x0000000084c00000, 0x0000000087680000, 0x00000000d6f00000)
  object space 43520K, 71% used [0x0000000084c00000,0x0000000086a49c58,0x0000000087680000)
 Metaspace       used 24140K, capacity 24339K, committed 24576K, reserved 1071104K
  class space    used 2976K, capacity 3037K, committed 3072K, reserved 1048576K
Event: 3.690 GC heap after
Heap after GC invocations=9 (full 2):
 PSYoungGen      total 124416K, used 0K [0x00000000d6f00000, 0x00000000e5480000, 0x0000000100000000)
  eden space 114176K, 0% used [0x00000000d6f00000,0x00000000d6f00000,0x00000000dde80000)
  from space 10240K, 0% used [0x00000000dde80000,0x00000000dde80000,0x00000000de880000)
  to   space 10240K, 0% used [0x00000000e4a80000,0x00000000e4a80000,0x00000000e5480000)
 ParOldGen       total 80896K, used 25665K [0x0000000084c00000, 0x0000000089b00000, 0x00000000d6f00000)
  object space 80896K, 31% used [0x0000000084c00000,0x0000000086510440,0x0000000089b00000)
 Metaspace       used 24140K, capacity 24339K, committed 24576K, reserved 1071104K
  class space    used 2976K, capacity 3037K, committed 3072K, reserved 1048576K
}
Event: 3.825 GC heap before
{Heap before GC invocations=10 (full 2):
 PSYoungGen      total 124416K, used 103219K [0x00000000d6f00000, 0x00000000e5480000, 0x0000000100000000)
  eden space 114176K, 90% used [0x00000000d6f00000,0x00000000dd3cce20,0x00000000dde80000)
  from space 10240K, 0% used [0x00000000dde80000,0x00000000dde80000,0x00000000de880000)
  to   space 10240K, 0% used [0x00000000e4a80000,0x00000000e4a80000,0x00000000e5480000)
 ParOldGen       total 80896K, used 25665K [0x0000000084c00000, 0x0000000089b00000, 0x00000000d6f00000)
  object space 80896K, 31% used [0x0000000084c00000,0x0000000086510440,0x0000000089b00000)
 Metaspace       used 24140K, capacity 24339K, committed 24576K, reserved 1071104K
  class space    used 2976K, capacity 3037K, committed 3072K, reserved 1048576K
Event: 3.861 GC heap after
Heap after GC invocations=10 (full 2):
 PSYoungGen      total 218624K, used 96K [0x00000000d6f00000, 0x00000000e5200000, 0x0000000100000000)
  eden space 210944K, 0% used [0x00000000d6f00000,0x00000000d6f00000,0x00000000e3d00000)
  from space 7680K, 1% used [0x00000000e4a80000,0x00000000e4a98000,0x00000000e5200000)
  to   space 10752K, 0% used [0x00000000e3d00000,0x00000000e3d00000,0x00000000e4780000)
 ParOldGen       total 114176K, used 91201K [0x0000000084c00000, 0x000000008bb80000, 0x00000000d6f00000)
  object space 114176K, 79% used [0x0000000084c00000,0x000000008a510460,0x000000008bb80000)
 Metaspace       used 24140K, capacity 24339K, committed 24576K, reserved 1071104K
  class space    used 2976K, capacity 3037K, committed 3072K, reserved 1048576K
}
Event: 3.861 GC heap before
{Heap before GC invocations=11 (full 3):
 PSYoungGen      total 218624K, used 96K [0x00000000d6f00000, 0x00000000e5200000, 0x0000000100000000)
  eden space 210944K, 0% used [0x00000000d6f00000,0x00000000d6f00000,0x00000000e3d00000)
  from space 7680K, 1% used [0x00000000e4a80000,0x00000000e4a98000,0x00000000e5200000)
  to   space 10752K, 0% used [0x00000000e3d00000,0x00000000e3d00000,0x00000000e4780000)
 ParOldGen       total 114176K, used 91201K [0x0000000084c00000, 0x000000008bb80000, 0x00000000d6f00000)
  object space 114176K, 79% used [0x0000000084c00000,0x000000008a510460,0x000000008bb80000)
 Metaspace       used 24140K, capacity 24339K, committed 24576K, reserved 1071104K
  class space    used 2976K, capacity 3037K, committed 3072K, reserved 1048576K
Event: 3.931 GC heap after
Heap after GC invocations=11 (full 3):
 PSYoungGen      total 218624K, used 0K [0x00000000d6f00000, 0x00000000e5200000, 0x0000000100000000)
  eden space 210944K, 0% used [0x00000000d6f00000,0x00000000d6f00000,0x00000000e3d00000)
  from space 7680K, 0% used [0x00000000e4a80000,0x00000000e4a80000,0x00000000e5200000)
  to   space 10752K, 0% used [0x00000000e3d00000,0x00000000e3d00000,0x00000000e4780000)
 ParOldGen       total 134656K, used 41632K [0x0000000084c00000, 0x000000008cf80000, 0x00000000d6f00000)
  object space 134656K, 30% used [0x0000000084c00000,0x00000000874a8138,0x000000008cf80000)
 Metaspace       used 24140K, capacity 24339K, committed 24576K, reserved 1071104K
  class space    used 2976K, capacity 3037K, committed 3072K, reserved 1048576K
}
Event: 332.645 GC heap before
{Heap before GC invocations=12 (full 3):
 PSYoungGen      total 218624K, used 210944K [0x00000000d6f00000, 0x00000000e5200000, 0x0000000100000000)
  eden space 210944K, 100% used [0x00000000d6f00000,0x00000000e3d00000,0x00000000e3d00000)
  from space 7680K, 0% used [0x00000000e4a80000,0x00000000e4a80000,0x00000000e5200000)
  to   space 10752K, 0% used [0x00000000e3d00000,0x00000000e3d00000,0x00000000e4780000)
 ParOldGen       total 134656K, used 41632K [0x0000000084c00000, 0x000000008cf80000, 0x00000000d6f00000)
  object space 134656K, 30% used [0x0000000084c00000,0x00000000874a8138,0x000000008cf80000)
 Metaspace       used 26246K, capacity 26511K, committed 26752K, reserved 1073152K
  class space    used 3080K, capacity 3159K, committed 3200K, reserved 1048576K
Event: 332.652 GC heap after
Heap after GC invocations=12 (full 3):
 PSYoungGen      total 221696K, used 3390K [0x00000000d6f00000, 0x00000000e8680000, 0x0000000100000000)
  eden space 210944K, 0% used [0x00000000d6f00000,0x00000000d6f00000,0x00000000e3d00000)
  from space 10752K, 31% used [0x00000000e3d00000,0x00000000e404f8c8,0x00000000e4780000)
  to   space 10240K, 0% used [0x00000000e7c80000,0x00000000e7c80000,0x00000000e8680000)
 ParOldGen       total 134656K, used 41640K [0x0000000084c00000, 0x000000008cf80000, 0x00000000d6f00000)
  object space 134656K, 30% used [0x0000000084c00000,0x00000000874aa138,0x000000008cf80000)
 Metaspace       used 26246K, capacity 26511K, committed 26752K, reserved 1073152K
  class space    used 3080K, capacity 3159K, committed 3200K, reserved 1048576K
}

