# JRE version: Java(TM) SE Runtime Environment (8.0_77-b03) (build 1.8.0_77-b03)
# Java VM: Java HotSpot(TM) 64-Bit Server VM (25.77-b03 mixed mode linux-amd64 compressed oops)
Heap:
 PSYoungGen      total 224256K, used 12218K [0x00000000d6f00000, 0x00000000e9680000, 0x0000000100000000)
  eden space 215040K, 3% used [0x00000000d6f00000,0x00000000d773a388,0x00000000e4100000)
  from space 9216K, 41% used [0x00000000e4100000,0x00000000e44b4500,0x00000000e4a00000)
  to   space 8704K, 0% used [0x00000000e8e00000,0x00000000e8e00000,0x00000000e9680000)
 ParOldGen       total 83968K, used 9112K [0x0000000084c00000, 0x0000000089e00000, 0x00000000d6f00000)
  object space 83968K, 10% used [0x0000000084c00000,0x00000000854e6388,0x0000000089e00000)
 Metaspace       used 26280K, capacity 26571K, committed 26752K, reserved 1073152K
  class space    used 3081K, capacity 3159K, committed 3200K, reserved 1048576K
GC Heap History (10 events):
Event: 4.822 GC heap before
{Heap before GC invocations=8 (full 1):
 PSYoungGen      total 125952K, used 120389K [0x00000000d6f00000, 0x00000000df380000, 0x0000000100000000)
  eden space 117248K, 100% used [0x00000000d6f00000,0x00000000de180000,0x00000000de180000)
  from space 8704K, 36% used [0x00000000deb00000,0x00000000dee114a8,0x00000000df380000)
  to   space 9216K, 0% used [0x00000000de180000,0x00000000de180000,0x00000000dea80000)
 ParOldGen       total 44032K, used 14614K [0x0000000084c00000, 0x0000000087700000, 0x00000000d6f00000)
  object space 44032K, 33% used [0x0000000084c00000,0x0000000085a45b98,0x0000000087700000)
 Metaspace       used 24167K, capacity 24367K, committed 24576K, reserved 1071104K
  class space    used 2977K, capacity 3069K, committed 3072K, reserved 1048576K
Event: 4.849 GC heap after
Heap after GC invocations=8 (full 1):
 PSYoungGen      total 126464K, used 3166K [0x00000000d6f00000, 0x00000000e5b00000, 0x0000000100000000)
  eden space 117248K, 0% used [0x00000000d6f00000,0x00000000d6f00000,0x00000000de180000)
  from space 9216K, 34% used [0x00000000de180000,0x00000000de497920,0x00000000dea80000)
  to   space 8704K, 0% used [0x00000000e5280000,0x00000000e5280000,0x00000000e5b00000)
 ParOldGen       total 44032K, used 31006K [0x0000000084c00000, 0x0000000087700000, 0x00000000d6f00000)
  object space 44032K, 70% used [0x0000000084c00000,0x0000000086a47ba8,0x0000000087700000)
 Metaspace       used 24167K, capacity 24367K, committed 24576K, reserved 1071104K
  class space    used 2977K, capacity 3069K, committed 3072K, reserved 1048576K
}
Event: 4.849 GC heap before
{Heap before GC invocations=9 (full 2):
 PSYoungGen      total 126464K, used 3166K [0x00000000d6f00000, 0x00000000e5b00000, 0x0000000100000000)
  eden space 117248K, 0% used [0x00000000d6f00000,0x00000000d6f00000,0x00000000de180000)
  from space 9216K, 34% used [0x00000000de180000,0x00000000de497920,0x00000000dea80000)
  to   space 8704K, 0% used [0x00000000e5280000,0x00000000e5280000,0x00000000e5b00000)
 ParOldGen       total 44032K, used 31006K [0x0000000084c00000, 0x0000000087700000, 0x00000000d6f00000)
  object space 44032K, 70% used [0x0000000084c00000,0x0000000086a47ba8,0x0000000087700000)
 Metaspace       used 24167K, capacity 24367K, committed 24576K, reserved 1071104K
  class space    used 2977K, capacity 3069K, committed 3072K, reserved 1048576K
Event: 4.892 GC heap after
Heap after GC invocations=9 (full 2):
 PSYoungGen      total 126464K, used 0K [0x00000000d6f00000, 0x00000000e5b00000, 0x0000000100000000)
  eden space 117248K, 0% used [0x00000000d6f00000,0x00000000d6f00000,0x00000000de180000)
  from space 9216K, 0% used [0x00000000de180000,0x00000000de180000,0x00000000dea80000)
  to   space 8704K, 0% used [0x00000000e5280000,0x00000000e5280000,0x00000000e5b00000)
 ParOldGen       total 81408K, used 25613K [0x0000000084c00000, 0x0000000089b80000, 0x00000000d6f00000)
  object space 81408K, 31% used [0x0000000084c00000,0x0000000086503508,0x0000000089b80000)
 Metaspace       used 24167K, capacity 24367K, committed 24576K, reserved 1071104K
  class space    used 2977K, capacity 3069K, committed 3072K, reserved 1048576K
}
Event: 6.789 GC heap before
{Heap before GC invocations=10 (full 2):
 PSYoungGen      total 126464K, used 117248K [0x00000000d6f00000, 0x00000000e5b00000, 0x0000000100000000)
  eden space 117248K, 100% used [0x00000000d6f00000,0x00000000de180000,0x00000000de180000)
  from space 9216K, 0% used [0x00000000de180000,0x00000000de180000,0x00000000dea80000)
  to   space 8704K, 0% used [0x00000000e5280000,0x00000000e5280000,0x00000000e5b00000)
 ParOldGen       total 81408K, used 25613K [0x0000000084c00000, 0x0000000089b80000, 0x00000000d6f00000)
  object space 81408K, 31% used [0x0000000084c00000,0x0000000086503508,0x0000000089b80000)
 Metaspace       used 24762K, capacity 25039K, committed 25216K, reserved 1071104K
  class space    used 2996K, capacity 3101K, committed 3200K, reserved 1048576K
Event: 6.819 GC heap after
Heap after GC invocations=10 (full 2):
 PSYoungGen      total 205312K, used 448K [0x00000000d6f00000, 0x00000000e5300000, 0x0000000100000000)
  eden space 204800K, 0% used [0x00000000d6f00000,0x00000000d6f00000,0x00000000e3700000)
  from space 512K, 87% used [0x00000000e5280000,0x00000000e52f0000,0x00000000e5300000)
  to   space 9216K, 0% used [0x00000000e4100000,0x00000000e4100000,0x00000000e4a00000)
 ParOldGen       total 81408K, used 58389K [0x0000000084c00000, 0x0000000089b80000, 0x00000000d6f00000)
  object space 81408K, 71% used [0x0000000084c00000,0x0000000088505518,0x0000000089b80000)
 Metaspace       used 24762K, capacity 25039K, committed 25216K, reserved 1071104K
  class space    used 2996K, capacity 3101K, committed 3200K, reserved 1048576K
}
Event: 6.819 GC heap before
{Heap before GC invocations=11 (full 3):
 PSYoungGen      total 205312K, used 448K [0x00000000d6f00000, 0x00000000e5300000, 0x0000000100000000)
  eden space 204800K, 0% used [0x00000000d6f00000,0x00000000d6f00000,0x00000000e3700000)
  from space 512K, 87% used [0x00000000e5280000,0x00000000e52f0000,0x00000000e5300000)
  to   space 9216K, 0% used [0x00000000e4100000,0x00000000e4100000,0x00000000e4a00000)
 ParOldGen       total 81408K, used 58389K [0x0000000084c00000, 0x0000000089b80000, 0x00000000d6f00000)
  object space 81408K, 71% used [0x0000000084c00000,0x0000000088505518,0x0000000089b80000)
 Metaspace       used 24762K, capacity 25039K, committed 25216K, reserved 1071104K
  class space    used 2996K, capacity 3101K, committed 3200K, reserved 1048576K
Event: 6.883 GC heap after
Heap after GC invocations=11 (full 3):
 PSYoungGen      total 205312K, used 0K [0x00000000d6f00000, 0x00000000e5300000, 0x0000000100000000)
  eden space 204800K, 0% used [0x00000000d6f00000,0x00000000d6f00000,0x00000000e3700000)
  from space 512K, 0% used [0x00000000e5280000,0x00000000e5280000,0x00000000e5300000)
  to   space 9216K, 0% used [0x00000000e4100000,0x00000000e4100000,0x00000000e4a00000)
 ParOldGen       total 83968K, used 9104K [0x0000000084c00000, 0x0000000089e00000, 0x00000000d6f00000)
  object space 83968K, 10% used [0x0000000084c00000,0x00000000854e4388,0x0000000089e00000)
 Metaspace       used 24762K, capacity 25039K, committed 25216K, reserved 1071104K
  class space    used 2996K, capacity 3101K, committed 3200K, reserved 1048576K
}
Event: 446.095 GC heap before
{Heap before GC invocations=12 (full 3):
 PSYoungGen      total 205312K, used 204800K [0x00000000d6f00000, 0x00000000e5300000, 0x0000000100000000)
  eden space 204800K, 100% used [0x00000000d6f00000,0x00000000e3700000,0x00000000e3700000)
  from space 512K, 0% used [0x00000000e5280000,0x00000000e5280000,0x00000000e5300000)
  to   space 9216K, 0% used [0x00000000e4100000,0x00000000e4100000,0x00000000e4a00000)
 ParOldGen       total 83968K, used 9104K [0x0000000084c00000, 0x0000000089e00000, 0x00000000d6f00000)
  object space 83968K, 10% used [0x0000000084c00000,0x00000000854e4388,0x0000000089e00000)
 Metaspace       used 26279K, capacity 26571K, committed 26752K, reserved 1073152K
  class space    used 3081K, capacity 3159K, committed 3200K, reserved 1048576K
Event: 446.102 GC heap after
Heap after GC invocations=12 (full 3):
 PSYoungGen      total 224256K, used 3793K [0x00000000d6f00000, 0x00000000e9680000, 0x0000000100000000)
  eden space 215040K, 0% used [0x00000000d6f00000,0x00000000d6f00000,0x00000000e4100000)
  from space 9216K, 41% used [0x00000000e4100000,0x00000000e44b4500,0x00000000e4a00000)
  to   space 8704K, 0% used [0x00000000e8e00000,0x00000000e8e00000,0x00000000e9680000)
 ParOldGen       total 83968K, used 9112K [0x0000000084c00000, 0x0000000089e00000, 0x00000000d6f00000)
  object space 83968K, 10% used [0x0000000084c00000,0x00000000854e6388,0x0000000089e00000)
 Metaspace       used 26279K, capacity 26571K, committed 26752K, reserved 1073152K
  class space    used 3081K, capacity 3159K, committed 3200K, reserved 1048576K
}

